<?xml version="1.0" encoding="UTF-8"?>
<!-- Generated by org.testng.reporters.JUnitXMLReporter -->
<testsuite ignored="0" hostname="DESKTOP-6QP3AEF" failures="0" tests="4" name="Default test" time="34.531" errors="0" timestamp="2025-01-17T20:00:58 EET">
  <testcase classname="MyTestCases" name="Radio_Button_Example" time="0.091"/>
  <testcase classname="MyTestCases" name="Dynamic_Dropdown_Example" time="1.158"/>
  <testcase classname="MyTestCases" name="Static_Dropdown" time="0.125"/>
  <testcase classname="MyTestCases" name="CheckBoxes" time="1.155"/>
</testsuite> <!-- Default test -->
