<?xml version="1.0" encoding="UTF-8"?>
<!-- Generated by org.testng.reporters.JUnitXMLReporter -->
<testsuite ignored="7" hostname="DESKTOP-6QP3AEF" failures="0" tests="1" name="Default test" time="11.122" errors="0" timestamp="2025-01-20T02:01:54 EET">
  <testcase classname="MyTestCases" name="Web_Table_Example" time="0.386"/>
  <testcase classname="MyTestCases" name="Static_Dropdown" time="0.0">
    <ignored/>
  </testcase> <!-- Static_Dropdown -->
  <testcase classname="MyTestCases" name="Switch_Tab" time="0.0">
    <ignored/>
  </testcase> <!-- Switch_Tab -->
  <testcase classname="MyTestCases" name="switch_windoe_Button" time="0.0">
    <ignored/>
  </testcase> <!-- switch_windoe_Button -->
  <testcase classname="MyTestCases" name="CheckBoxes" time="0.0">
    <ignored/>
  </testcase> <!-- CheckBoxes -->
  <testcase classname="MyTestCases" name="Dynamic_Dropdown_Example" time="0.0">
    <ignored/>
  </testcase> <!-- Dynamic_Dropdown_Example -->
  <testcase classname="MyTestCases" name="Radio_Button_Example" time="0.0">
    <ignored/>
  </testcase> <!-- Radio_Button_Example -->
  <testcase classname="MyTestCases" name="SwitchToAlert" time="0.0">
    <ignored/>
  </testcase> <!-- SwitchToAlert -->
</testsuite> <!-- Default test -->
