<?xml version="1.0" encoding="UTF-8"?>
<testng-results ignored="0" total="4" passed="4" failed="0" skipped="0">
  <reporter-output>
  </reporter-output>
  <suite started-at="2025-01-17T20:00:23 EET" name="Default suite" finished-at="2025-01-17T20:00:58 EET" duration-ms="34531">
    <groups>
    </groups>
    <test started-at="2025-01-17T20:00:23 EET" name="Default test" finished-at="2025-01-17T20:00:58 EET" duration-ms="34531">
      <class name="MyTestCases">
        <test-method is-config="true" signature="MySetUp()[pri:0, instance:MyTestCases@23aa363a]" started-at="2025-01-17T20:00:23 EET" name="MySetUp" finished-at="2025-01-17T20:00:55 EET" duration-ms="31966" status="PASS">
          <reporter-output>
          </reporter-output>
        </test-method> <!-- MySetUp -->
        <test-method signature="Radio_Button_Example()[pri:1, instance:MyTestCases@23aa363a]" started-at="2025-01-17T20:00:55 EET" name="Radio_Button_Example" description="RadioButton" finished-at="2025-01-17T20:00:55 EET" duration-ms="91" status="PASS">
          <reporter-output>
          </reporter-output>
        </test-method> <!-- Radio_Button_Example -->
        <test-method signature="Dynamic_Dropdown_Example()[pri:2, instance:MyTestCases@23aa363a]" started-at="2025-01-17T20:00:55 EET" name="Dynamic_Dropdown_Example" description="Dynamic_Dropdown" finished-at="2025-01-17T20:00:57 EET" duration-ms="1158" status="PASS">
          <reporter-output>
          </reporter-output>
        </test-method> <!-- Dynamic_Dropdown_Example -->
        <test-method signature="Static_Dropdown()[pri:3, instance:MyTestCases@23aa363a]" started-at="2025-01-17T20:00:57 EET" name="Static_Dropdown" description="Static Dropdown" finished-at="2025-01-17T20:00:57 EET" duration-ms="125" status="PASS">
          <reporter-output>
          </reporter-output>
        </test-method> <!-- Static_Dropdown -->
        <test-method signature="CheckBoxes()[pri:4, instance:MyTestCases@23aa363a]" started-at="2025-01-17T20:00:57 EET" name="CheckBoxes" description="CheckBox" finished-at="2025-01-17T20:00:58 EET" duration-ms="1155" status="PASS">
          <reporter-output>
          </reporter-output>
        </test-method> <!-- CheckBoxes -->
      </class> <!-- MyTestCases -->
    </test> <!-- Default test -->
  </suite> <!-- Default suite -->
</testng-results>
