<?xml version="1.0" encoding="UTF-8"?>
<testng-results ignored="7" total="8" passed="1" failed="0" skipped="0">
  <reporter-output>
  </reporter-output>
  <suite started-at="2025-01-20T02:01:43 EET" name="Default suite" finished-at="2025-01-20T02:01:54 EET" duration-ms="11122">
    <groups>
    </groups>
    <test started-at="2025-01-20T02:01:43 EET" name="Default test" finished-at="2025-01-20T02:01:54 EET" duration-ms="11122">
      <class name="MyTestCases">
        <test-method is-config="true" signature="MySetUp()[pri:0, instance:MyTestCases@23aa363a]" started-at="2025-01-20T02:01:43 EET" name="MySetUp" finished-at="2025-01-20T02:01:53 EET" duration-ms="10706" status="PASS">
          <reporter-output>
          </reporter-output>
        </test-method> <!-- MySetUp -->
        <test-method signature="Web_Table_Example()[pri:8, instance:MyTestCases@23aa363a]" started-at="2025-01-20T02:01:53 EET" name="Web_Table_Example" description=" play with the data of the column " finished-at="2025-01-20T02:01:54 EET" duration-ms="386" status="PASS">
          <reporter-output>
          </reporter-output>
        </test-method> <!-- Web_Table_Example -->
      </class> <!-- MyTestCases -->
    </test> <!-- Default test -->
  </suite> <!-- Default suite -->
</testng-results>
